Arguments: 
  /Users/mryeziqing/.nvm/versions/node/v16.13.0/bin/node /Users/mryeziqing/.nvm/versions/node/v16.13.0/bin/yarn add @@umijs/test@3.5.34 -D

PATH: 
  /Users/mryeziqing/.nvm/versions/node/v16.13.0/bin:/usr/local/bin:/usr/bin:/bin:/usr/sbin:/sbin:/usr/local/go/bin:/Library/Apple/usr/bin:/Users/mryeziqing/.nvm/versions/node/v16.13.0/bin

Yarn version: 
  1.22.18

Node version: 
  16.13.0

Platform: 
  darwin x64

Trace: 
  Error: https://verdaccio.hooshine.com/@: no such package available
      at Request.params.callback [as _callback] (/Users/mryeziqing/.nvm/versions/node/v16.13.0/lib/node_modules/yarn/lib/cli.js:66138:18)
      at Request.self.callback (/Users/mryeziqing/.nvm/versions/node/v16.13.0/lib/node_modules/yarn/lib/cli.js:140883:22)
      at Request.emit (node:events:390:28)
      at Request.<anonymous> (/Users/mryeziqing/.nvm/versions/node/v16.13.0/lib/node_modules/yarn/lib/cli.js:141855:10)
      at Request.emit (node:events:390:28)
      at IncomingMessage.<anonymous> (/Users/mryeziqing/.nvm/versions/node/v16.13.0/lib/node_modules/yarn/lib/cli.js:141777:12)
      at Object.onceWrapper (node:events:509:28)
      at IncomingMessage.emit (node:events:402:35)
      at endReadableNT (node:internal/streams/readable:1343:12)
      at processTicksAndRejections (node:internal/process/task_queues:83:21)

npm manifest: 
  {
    "name": "demo",
    "version": "1.0.0",
    "description": "",
    "main": "index.js",
    "scripts": {
      "test": "umi-test",
      "test:coverage":"umi-test --coverage"
    },
    "keywords": [],
    "author": "",
    "license": "ISC",
    "devDependencies": {
      "@testing-library/jest-dom": "5.15.1",
      "@testing-library/react": "12.1.2",
      "@testing-library/user-event": "14.4.3"
    },
    "dependencies": {
      "react": "16.10.2"
    }
  }

yarn manifest: 
  No manifest

Lockfile: 
  # THIS IS AN AUTOGENERATED FILE. DO NOT EDIT THIS FILE DIRECTLY.
  # yarn lockfile v1
  
  
  "@babel/code-frame@^7.10.4", "@babel/code-frame@^7.12.13":
    version "7.18.6"
    resolved "https://verdaccio.hooshine.com/@babel%2fcode-frame/-/code-frame-7.18.6.tgz#3b25d38c89600baa2dcc219edfa88a74eb2c427a"
    integrity sha512-TDCmlK5eOvH+eH7cdAFlNXeVJqWIQ7gW9tY1GJIpUtFb6CmjVyq2VM3u71bOyR8CRihcCgMUYoDNyLXao3+70Q==
    dependencies:
      "@babel/highlight" "^7.18.6"
  
  "@babel/helper-validator-identifier@^7.18.6":
    version "7.19.1"
    resolved "https://verdaccio.hooshine.com/@babel%2fhelper-validator-identifier/-/helper-validator-identifier-7.19.1.tgz#7eea834cf32901ffdc1a7ee555e2f9c27e249ca2"
    integrity sha512-awrNfaMtnHUr653GgGEs++LlAvW6w+DcPrOliSMXWCKo597CwL5Acf/wWdNkf/tfEQE3mjkeD1YOVZOUV/od1w==
  
  "@babel/highlight@^7.18.6":
    version "7.18.6"
    resolved "https://verdaccio.hooshine.com/@babel%2fhighlight/-/highlight-7.18.6.tgz#81158601e93e2563795adcbfbdf5d64be3f2ecdf"
    integrity sha512-u7stbOuYjaPezCuLj29hNW1v64M2Md2qupEKP1fHc7WdOA3DgLh37suiSrZYY7haUB7iBeQZ9P1uiRF359do3g==
    dependencies:
      "@babel/helper-validator-identifier" "^7.18.6"
      chalk "^2.0.0"
      js-tokens "^4.0.0"
  
  "@babel/runtime-corejs3@^7.10.2":
    version "7.19.6"
    resolved "https://verdaccio.hooshine.com/@babel%2fruntime-corejs3/-/runtime-corejs3-7.19.6.tgz#778471a71d915cf3b955a9201bebabfe924f872a"
    integrity sha512-oWNn1ZlGde7b4i/3tnixpH9qI0bOAACiUs+KEES4UUCnsPjVWFlWdLV/iwJuPC2qp3EowbAqsm+0XqNwnwYhxA==
    dependencies:
      core-js-pure "^3.25.1"
      regenerator-runtime "^0.13.4"
  
  "@babel/runtime@^7.10.2", "@babel/runtime@^7.12.5", "@babel/runtime@^7.9.2":
    version "7.19.4"
    resolved "https://verdaccio.hooshine.com/@babel%2fruntime/-/runtime-7.19.4.tgz#a42f814502ee467d55b38dd1c256f53a7b885c78"
    integrity sha512-EXpLCrk55f+cYqmHsSR+yD/0gAIMxxA9QK9lnQWzhMCvt+YmoBN7Zx94s++Kv0+unHk39vxNO8t+CMA2WSS3wA==
    dependencies:
      regenerator-runtime "^0.13.4"
  
  "@jest/expect-utils@^29.2.1":
    version "29.2.1"
    resolved "https://verdaccio.hooshine.com/@jest%2fexpect-utils/-/expect-utils-29.2.1.tgz#eae61c90f2066540f60d23b8f254f03b7869b22f"
    integrity sha512-yr4aHNg5Z1CjKby5ozm7sKjgBlCOorlAoFcvrOQ/4rbZRfgZQdnmh7cth192PYIgiPZo2bBXvqdOApnAMWFJZg==
    dependencies:
      jest-get-type "^29.2.0"
  
  "@jest/schemas@^29.0.0":
    version "29.0.0"
    resolved "https://verdaccio.hooshine.com/@jest%2fschemas/-/schemas-29.0.0.tgz#5f47f5994dd4ef067fb7b4188ceac45f77fe952a"
    integrity sha512-3Ab5HgYIIAnS0HjqJHQYZS+zXc4tUmTmBH3z83ajI6afXp8X3ZtdLX+nXx+I7LNkJD7uN9LAVhgnjDgZa2z0kA==
    dependencies:
      "@sinclair/typebox" "^0.24.1"
  
  "@jest/types@^29.2.1":
    version "29.2.1"
    resolved "https://verdaccio.hooshine.com/@jest%2ftypes/-/types-29.2.1.tgz#ec9c683094d4eb754e41e2119d8bdaef01cf6da0"
    integrity sha512-O/QNDQODLnINEPAI0cl9U6zUIDXEWXt6IC1o2N2QENuos7hlGUIthlKyV4p6ki3TvXFX071blj8HUhgLGquPjw==
    dependencies:
      "@jest/schemas" "^29.0.0"
      "@types/istanbul-lib-coverage" "^2.0.0"
      "@types/istanbul-reports" "^3.0.0"
      "@types/node" "*"
      "@types/yargs" "^17.0.8"
      chalk "^4.0.0"
  
  "@sinclair/typebox@^0.24.1":
    version "0.24.47"
    resolved "https://verdaccio.hooshine.com/@sinclair%2ftypebox/-/typebox-0.24.47.tgz#530b67163714356f93e82bdb871e7db4b7bc564e"
    integrity sha512-J4Xw0xYK4h7eC34MNOPQi6IkNxGRck6n4VJpWDzXIFVTW8I/D43Gf+NfWz/v/7NHlzWOPd3+T4PJ4OqklQ2u7A==
  
  "@testing-library/dom@^8.0.0":
    version "8.19.0"
    resolved "https://verdaccio.hooshine.com/@testing-library%2fdom/-/dom-8.19.0.tgz#bd3f83c217ebac16694329e413d9ad5fdcfd785f"
    integrity sha512-6YWYPPpxG3e/xOo6HIWwB/58HukkwIVTOaZ0VwdMVjhRUX/01E4FtQbck9GazOOj7MXHc5RBzMrU86iBJHbI+A==
    dependencies:
      "@babel/code-frame" "^7.10.4"
      "@babel/runtime" "^7.12.5"
      "@types/aria-query" "^4.2.0"
      aria-query "^5.0.0"
      chalk "^4.1.0"
      dom-accessibility-api "^0.5.9"
      lz-string "^1.4.4"
      pretty-format "^27.0.2"
  
  "@testing-library/jest-dom@5.15.1":
    version "5.15.1"
    resolved "https://verdaccio.hooshine.com/@testing-library%2fjest-dom/-/jest-dom-5.15.1.tgz#4c49ba4d244f235aec53f0a83498daeb4ee06c33"
    integrity sha512-kmj8opVDRE1E4GXyLlESsQthCXK7An28dFWxhiMwD7ZUI7ZxA6sjdJRxLerD9Jd8cHX4BDc1jzXaaZKqzlUkvg==
    dependencies:
      "@babel/runtime" "^7.9.2"
      "@types/testing-library__jest-dom" "^5.9.1"
      aria-query "^4.2.2"
      chalk "^3.0.0"
      css "^3.0.0"
      css.escape "^1.5.1"
      dom-accessibility-api "^0.5.6"
      lodash "^4.17.15"
      redent "^3.0.0"
  
  "@testing-library/react@12.1.2":
    version "12.1.2"
    resolved "https://verdaccio.hooshine.com/@testing-library%2freact/-/react-12.1.2.tgz#f1bc9a45943461fa2a598bb4597df1ae044cfc76"
    integrity sha1-8byaRZQ0YfoqWYu0WX3xrgRM/HY=
    dependencies:
      "@babel/runtime" "^7.12.5"
      "@testing-library/dom" "^8.0.0"
  
  "@testing-library/user-event@14.4.3":
    version "14.4.3"
    resolved "https://verdaccio.hooshine.com/@testing-library%2fuser-event/-/user-event-14.4.3.tgz#af975e367743fa91989cd666666aec31a8f50591"
    integrity sha512-kCUc5MEwaEMakkO5x7aoD+DLi02ehmEM2QCGWvNqAS1dV/fAvORWEjnjsEIvml59M7Y5kCkWN6fCCyPOe8OL6Q==
  
  "@types/aria-query@^4.2.0":
    version "4.2.2"
    resolved "https://verdaccio.hooshine.com/@types%2faria-query/-/aria-query-4.2.2.tgz#ed4e0ad92306a704f9fb132a0cfcf77486dbe2bc"
    integrity sha1-7U4K2SMGpwT5+xMqDPz3dIbb4rw=
  
  "@types/istanbul-lib-coverage@*", "@types/istanbul-lib-coverage@^2.0.0":
    version "2.0.4"
    resolved "https://verdaccio.hooshine.com/@types%2fistanbul-lib-coverage/-/istanbul-lib-coverage-2.0.4.tgz#8467d4b3c087805d63580480890791277ce35c44"
    integrity sha512-z/QT1XN4K4KYuslS23k62yDIDLwLFkzxOuMplDtObz0+y7VqJCaO2o+SPwHCvLFZh7xazvvoor2tA/hPz9ee7g==
  
  "@types/istanbul-lib-report@*":
    version "3.0.0"
    resolved "https://verdaccio.hooshine.com/@types%2fistanbul-lib-report/-/istanbul-lib-report-3.0.0.tgz#c14c24f18ea8190c118ee7562b7ff99a36552686"
    integrity sha1-wUwk8Y6oGQwRjudWK3/5mjZVJoY=
    dependencies:
      "@types/istanbul-lib-coverage" "*"
  
  "@types/istanbul-reports@^3.0.0":
    version "3.0.1"
    resolved "https://verdaccio.hooshine.com/@types%2fistanbul-reports/-/istanbul-reports-3.0.1.tgz#9153fe98bba2bd565a63add9436d6f0d7f8468ff"
    integrity sha1-kVP+mLuivVZaY63ZQ21vDX+EaP8=
    dependencies:
      "@types/istanbul-lib-report" "*"
  
  "@types/jest@*":
    version "29.2.0"
    resolved "https://verdaccio.hooshine.com/@types%2fjest/-/jest-29.2.0.tgz#fa98e08b46ab119f1a74a9552c48c589f5378a96"
    integrity sha512-KO7bPV21d65PKwv3LLsD8Jn3E05pjNjRZvkm+YTacWhVmykAb07wW6IkZUmQAltwQafNcDUEUrMO2h3jeBSisg==
    dependencies:
      expect "^29.0.0"
      pretty-format "^29.0.0"
  
  "@types/node@*":
    version "18.11.3"
    resolved "https://verdaccio.hooshine.com/@types%2fnode/-/node-18.11.3.tgz#78a6d7ec962b596fc2d2ec102c4dd3ef073fea6a"
    integrity sha512-fNjDQzzOsZeKZu5NATgXUPsaFaTxeRgFXoosrHivTl8RGeV733OLawXsGfEk9a8/tySyZUyiZ6E8LcjPFZ2y1A==
  
  "@types/stack-utils@^2.0.0":
    version "2.0.1"
    resolved "https://verdaccio.hooshine.com/@types%2fstack-utils/-/stack-utils-2.0.1.tgz#20f18294f797f2209b5f65c8e3b5c8e8261d127c"
    integrity sha1-IPGClPeX8iCbX2XI47XI6CYdEnw=
  
  "@types/testing-library__jest-dom@^5.9.1":
    version "5.14.5"
    resolved "https://verdaccio.hooshine.com/@types%2ftesting-library__jest-dom/-/testing-library__jest-dom-5.14.5.tgz#d113709c90b3c75fdb127ec338dad7d5f86c974f"
    integrity sha512-SBwbxYoyPIvxHbeHxTZX2Pe/74F/tX2/D3mMvzabdeJ25bBojfW0TyB8BHrbq/9zaaKICJZjLP+8r6AeZMFCuQ==
    dependencies:
      "@types/jest" "*"
  
  "@types/yargs-parser@*":
    version "21.0.0"
    resolved "https://verdaccio.hooshine.com/@types%2fyargs-parser/-/yargs-parser-21.0.0.tgz#0c60e537fa790f5f9472ed2776c2b71ec117351b"
    integrity sha512-iO9ZQHkZxHn4mSakYV0vFHAVDyEOIJQrV2uZ06HxEPcx+mt8swXoZHIbaaJ2crJYFfErySgktuTZ3BeLz+XmFA==
  
  "@types/yargs@^17.0.8":
    version "17.0.13"
    resolved "https://verdaccio.hooshine.com/@types%2fyargs/-/yargs-17.0.13.tgz#34cced675ca1b1d51fcf4d34c3c6f0fa142a5c76"
    integrity sha512-9sWaruZk2JGxIQU+IhI1fhPYRcQ0UuTNuKuCW9bR5fp7qi2Llf7WDzNa17Cy7TKnh3cdxDOiyTu6gaLS0eDatg==
    dependencies:
      "@types/yargs-parser" "*"
  
  ansi-regex@^5.0.1:
    version "5.0.1"
    resolved "https://verdaccio.hooshine.com/ansi-regex/-/ansi-regex-5.0.1.tgz#082cb2c89c9fe8659a311a53bd6a4dc5301db304"
    integrity sha1-CCyyyJyf6GWaMRpTvWpNxTAdswQ=
  
  ansi-styles@^3.2.1:
    version "3.2.1"
    resolved "https://verdaccio.hooshine.com/ansi-styles/-/ansi-styles-3.2.1.tgz#41fbb20243e50b12be0f04b8dedbf07520ce841d"
    integrity sha512-VT0ZI6kZRdTh8YyJw3SMbYm/u+NqfsAxEpWO0Pf9sq8/e94WxxOpPKx9FR1FlyCtOVDNOQ+8ntlqFxiRc+r5qA==
    dependencies:
      color-convert "^1.9.0"
  
  ansi-styles@^4.1.0:
    version "4.3.0"
    resolved "https://verdaccio.hooshine.com/ansi-styles/-/ansi-styles-4.3.0.tgz#edd803628ae71c04c85ae7a0906edad34b648937"
    integrity sha512-zbB9rCJAT1rbjiVDb2hqKFHNYLxgtk8NURxZ3IZwD3F6NtxbXZQCnnSi1Lkx+IDohdPlFp222wVALIheZJQSEg==
    dependencies:
      color-convert "^2.0.1"
  
  ansi-styles@^5.0.0:
    version "5.2.0"
    resolved "https://verdaccio.hooshine.com/ansi-styles/-/ansi-styles-5.2.0.tgz#07449690ad45777d1924ac2abb2fc8895dba836b"
    integrity sha512-Cxwpt2SfTzTtXcfOlzGEee8O+c+MmUgGrNiBcXnuWxuFJHe6a5Hz7qwhwe5OgaSYI0IJvkLqWX1ASG+cJOkEiA==
  
  aria-query@^4.2.2:
    version "4.2.2"
    resolved "https://verdaccio.hooshine.com/aria-query/-/aria-query-4.2.2.tgz#0d2ca6c9aceb56b8977e9fed6aed7e15bbd2f83b"
    integrity sha1-DSymyazrVriXfp/tau1+FbvS+Ds=
    dependencies:
      "@babel/runtime" "^7.10.2"
      "@babel/runtime-corejs3" "^7.10.2"
  
  aria-query@^5.0.0:
    version "5.0.2"
    resolved "https://verdaccio.hooshine.com/aria-query/-/aria-query-5.0.2.tgz#0b8a744295271861e1d933f8feca13f9b70cfdc1"
    integrity sha512-eigU3vhqSO+Z8BKDnVLN/ompjhf3pYzecKXz8+whRy+9gZu8n1TCGfwzQUUPnqdHl9ax1Hr9031orZ+UOEYr7Q==
  
  atob@^2.1.2:
    version "2.1.2"
    resolved "https://verdaccio.hooshine.com/atob/-/atob-2.1.2.tgz#6d9517eb9e030d2436666651e86bd9f6f13533c9"
    integrity sha512-Wm6ukoaOGJi/73p/cl2GvLjTI5JM1k/O14isD73YML8StrH/7/lRFgmg8nICZgD3bZZvjwCGxtMOD3wWNAu8cg==
  
  braces@^3.0.2:
    version "3.0.2"
    resolved "https://verdaccio.hooshine.com/braces/-/braces-3.0.2.tgz#3454e1a462ee8d599e236df336cd9ea4f8afe107"
    integrity sha512-b8um+L1RzM3WDSzvhm6gIz1yfTbBt6YTlcEKAvsmqCZZFw46z626lVj9j1yEPW33H5H+lBQpZMP1k8l+78Ha0A==
    dependencies:
      fill-range "^7.0.1"
  
  chalk@^2.0.0:
    version "2.4.2"
    resolved "https://verdaccio.hooshine.com/chalk/-/chalk-2.4.2.tgz#cd42541677a54333cf541a49108c1432b44c9424"
    integrity sha512-Mti+f9lpJNcwF4tWV8/OrTTtF1gZi+f8FqlyAdouralcFWFQWF2+NgCHShjkCb+IFBLq9buZwE1xckQU4peSuQ==
    dependencies:
      ansi-styles "^3.2.1"
      escape-string-regexp "^1.0.5"
      supports-color "^5.3.0"
  
  chalk@^3.0.0:
    version "3.0.0"
    resolved "https://verdaccio.hooshine.com/chalk/-/chalk-3.0.0.tgz#3f73c2bf526591f574cc492c51e2456349f844e4"
    integrity sha512-4D3B6Wf41KOYRFdszmDqMCGq5VV/uMAB273JILmO+3jAlh8X4qDtdtgCR3fxtbLEMzSx22QdhnDcJvu2u1fVwg==
    dependencies:
      ansi-styles "^4.1.0"
      supports-color "^7.1.0"
  
  chalk@^4.0.0, chalk@^4.1.0:
    version "4.1.2"
    resolved "https://verdaccio.hooshine.com/chalk/-/chalk-4.1.2.tgz#aac4e2b7734a740867aeb16bf02aad556a1e7a01"
    integrity sha512-oKnbhFyRIXpUuez8iBMmyEa4nbj4IOQyuhc/wy9kY7/WVPcwIO9VA668Pu8RkO7+0G76SLROeyw9CpQ061i4mA==
    dependencies:
      ansi-styles "^4.1.0"
      supports-color "^7.1.0"
  
  ci-info@^3.2.0:
    version "3.5.0"
    resolved "https://verdaccio.hooshine.com/ci-info/-/ci-info-3.5.0.tgz#bfac2a29263de4c829d806b1ab478e35091e171f"
    integrity sha512-yH4RezKOGlOhxkmhbeNuC4eYZKAUsEaGtBuBzDDP1eFUKiccDWzBABxBfOx31IDwDIXMTxWuwAxUGModvkbuVw==
  
  color-convert@^1.9.0:
    version "1.9.3"
    resolved "https://verdaccio.hooshine.com/color-convert/-/color-convert-1.9.3.tgz#bb71850690e1f136567de629d2d5471deda4c1e8"
    integrity sha512-QfAUtd+vFdAtFQcC8CCyYt1fYWxSqAiK2cSD6zDB8N3cpsEBAvRxp9zOGg6G/SHHJYAT88/az/IuDGALsNVbGg==
    dependencies:
      color-name "1.1.3"
  
  color-convert@^2.0.1:
    version "2.0.1"
    resolved "https://verdaccio.hooshine.com/color-convert/-/color-convert-2.0.1.tgz#72d3a68d598c9bdb3af2ad1e84f21d896abd4de3"
    integrity sha512-RRECPsj7iu/xb5oKYcsFHSppFNnsj/52OVTRKb4zP5onXwVF3zVmmToNcOfGC+CRDpfK/U584fMg38ZHCaElKQ==
    dependencies:
      color-name "~1.1.4"
  
  color-name@1.1.3:
    version "1.1.3"
    resolved "https://verdaccio.hooshine.com/color-name/-/color-name-1.1.3.tgz#a7d0558bd89c42f795dd42328f740831ca53bc25"
    integrity sha1-p9BVi9icQveV3UIyj3QIMcpTvCU=
  
  color-name@~1.1.4:
    version "1.1.4"
    resolved "https://verdaccio.hooshine.com/color-name/-/color-name-1.1.4.tgz#c2a09a87acbde69543de6f63fa3995c826c536a2"
    integrity sha512-dOy+3AuW3a2wNbZHIuMZpTcgjGuLU/uBL/ubcZF9OXbDo8ff4O8yVp5Bf0efS8uEoYo5q4Fx7dY9OgQGXgAsQA==
  
  core-js-pure@^3.25.1:
    version "3.25.5"
    resolved "https://verdaccio.hooshine.com/core-js-pure/-/core-js-pure-3.25.5.tgz#79716ba54240c6aa9ceba6eee08cf79471ba184d"
    integrity sha512-oml3M22pHM+igfWHDfdLVq2ShWmjM2V4L+dQEBs0DWVIqEm9WHCwGAlZ6BmyBQGy5sFrJmcx+856D9lVKyGWYg==
  
  css.escape@^1.5.1:
    version "1.5.1"
    resolved "https://verdaccio.hooshine.com/css.escape/-/css.escape-1.5.1.tgz#42e27d4fa04ae32f931a4b4d4191fa9cddee97cb"
    integrity sha1-QuJ9T6BK4y+TGktNQZH6nN3ul8s=
  
  css@^3.0.0:
    version "3.0.0"
    resolved "https://verdaccio.hooshine.com/css/-/css-3.0.0.tgz#4447a4d58fdd03367c516ca9f64ae365cee4aa5d"
    integrity sha1-REek1Y/dAzZ8UWyp9krjZc7kql0=
    dependencies:
      inherits "^2.0.4"
      source-map "^0.6.1"
      source-map-resolve "^0.6.0"
  
  decode-uri-component@^0.2.0:
    version "0.2.0"
    resolved "https://verdaccio.hooshine.com/decode-uri-component/-/decode-uri-component-0.2.0.tgz#eb3913333458775cb84cd1a1fae062106bb87545"
    integrity sha1-6zkTMzRYd1y4TNGh+uBiEGu4dUU=
  
  diff-sequences@^29.2.0:
    version "29.2.0"
    resolved "https://verdaccio.hooshine.com/diff-sequences/-/diff-sequences-29.2.0.tgz#4c55b5b40706c7b5d2c5c75999a50c56d214e8f6"
    integrity sha512-413SY5JpYeSBZxmenGEmCVQ8mCgtFJF0w9PROdaS6z987XC2Pd2GOKqOITLtMftmyFZqgtCOb/QA7/Z3ZXfzIw==
  
  dom-accessibility-api@^0.5.6, dom-accessibility-api@^0.5.9:
    version "0.5.14"
    resolved "https://verdaccio.hooshine.com/dom-accessibility-api/-/dom-accessibility-api-0.5.14.tgz#56082f71b1dc7aac69d83c4285eef39c15d93f56"
    integrity sha512-NMt+m9zFMPZe0JcY9gN224Qvk6qLIdqex29clBvc/y75ZBX9YA9wNK3frsYvu2DI1xcCIwxwnX+TlsJ2DSOADg==
  
  escape-string-regexp@^1.0.5:
    version "1.0.5"
    resolved "https://verdaccio.hooshine.com/escape-string-regexp/-/escape-string-regexp-1.0.5.tgz#1b61c0562190a8dff6ae3bb2cf0200ca130b86d4"
    integrity sha1-G2HAViGQqN/2rjuyzwIAyhMLhtQ=
  
  escape-string-regexp@^2.0.0:
    version "2.0.0"
    resolved "https://verdaccio.hooshine.com/escape-string-regexp/-/escape-string-regexp-2.0.0.tgz#a30304e99daa32e23b2fd20f51babd07cffca344"
    integrity sha512-UpzcLCXolUWcNu5HtVMHYdXJjArjsF9C0aNnquZYY4uW/Vu0miy5YoWvbV345HauVvcAUnpRuhMMcqTcGOY2+w==
  
  expect@^29.0.0:
    version "29.2.1"
    resolved "https://verdaccio.hooshine.com/expect/-/expect-29.2.1.tgz#25752d0df92d3daa5188dc8804de1f30759658cf"
    integrity sha512-BJtA754Fba0YWRWHgjKUMTA3ltWarKgITXHQnbZ2mTxTXC4yMQlR0FI7HkB3fJYkhWBf4qjNiqvg3LDtXCcVRQ==
    dependencies:
      "@jest/expect-utils" "^29.2.1"
      jest-get-type "^29.2.0"
      jest-matcher-utils "^29.2.1"
      jest-message-util "^29.2.1"
      jest-util "^29.2.1"
  
  fill-range@^7.0.1:
    version "7.0.1"
    resolved "https://verdaccio.hooshine.com/fill-range/-/fill-range-7.0.1.tgz#1919a6a7c75fe38b2c7c77e5198535da9acdda40"
    integrity sha512-qOo9F+dMUmC2Lcb4BbVvnKJxTPjCm+RRpe4gDuGrzkL7mEVl/djYSu2OdQ2Pa302N4oqkSg9ir6jaLWJ2USVpQ==
    dependencies:
      to-regex-range "^5.0.1"
  
  graceful-fs@^4.2.9:
    version "4.2.10"
    resolved "https://verdaccio.hooshine.com/graceful-fs/-/graceful-fs-4.2.10.tgz#147d3a006da4ca3ce14728c7aefc287c367d7a6c"
    integrity sha512-9ByhssR2fPVsNZj478qUUbKfmL0+t5BDVyjShtyZZLiK7ZDAArFFfopyOTj0M05wE2tJPisA4iTnnXl2YoPvOA==
  
  has-flag@^3.0.0:
    version "3.0.0"
    resolved "https://verdaccio.hooshine.com/has-flag/-/has-flag-3.0.0.tgz#b5d454dc2199ae225699f3467e5a07f3b955bafd"
    integrity sha1-tdRU3CGZriJWmfNGfloH87lVuv0=
  
  has-flag@^4.0.0:
    version "4.0.0"
    resolved "https://verdaccio.hooshine.com/has-flag/-/has-flag-4.0.0.tgz#944771fd9c81c81265c4d6941860da06bb59479b"
    integrity sha512-EykJT/Q1KjTWctppgIAgfSO0tKVuZUjhgMr17kqTumMl6Afv3EISleU7qZUzoXDFTAHTDC4NOoG/ZxU3EvlMPQ==
  
  indent-string@^4.0.0:
    version "4.0.0"
    resolved "https://verdaccio.hooshine.com/indent-string/-/indent-string-4.0.0.tgz#624f8f4497d619b2d9768531d58f4122854d7251"
    integrity sha512-EdDDZu4A2OyIK7Lr/2zG+w5jmbuk1DVBnEwREQvBzspBJkCEbRa8GxU1lghYcaGJCnRWibjDXlq779X1/y5xwg==
  
  inherits@^2.0.4:
    version "2.0.4"
    resolved "https://verdaccio.hooshine.com/inherits/-/inherits-2.0.4.tgz#0fa2c64f932917c3433a0ded55363aae37416b7c"
    integrity sha512-k/vGaX4/Yla3WzyMCvTQOXYeIHvqOKtnqBduzTHpzpQZzAskKMhZ2K+EnBiSM9zGSoIFeMpXKxa4dYeZIQqewQ==
  
  is-number@^7.0.0:
    version "7.0.0"
    resolved "https://verdaccio.hooshine.com/is-number/-/is-number-7.0.0.tgz#7535345b896734d5f80c4d06c50955527a14f12b"
    integrity sha512-41Cifkg6e8TylSpdtTpeLVMqvSBEVzTttHvERD741+pnZ8ANv0004MRL43QKPDlK9cGvNp6NZWZUBlbGXYxxng==
  
  jest-diff@^29.2.1:
    version "29.2.1"
    resolved "https://verdaccio.hooshine.com/jest-diff/-/jest-diff-29.2.1.tgz#027e42f5a18b693fb2e88f81b0ccab533c08faee"
    integrity sha512-gfh/SMNlQmP3MOUgdzxPOd4XETDJifADpT937fN1iUGz+9DgOu2eUPHH25JDkLVcLwwqxv3GzVyK4VBUr9fjfA==
    dependencies:
      chalk "^4.0.0"
      diff-sequences "^29.2.0"
      jest-get-type "^29.2.0"
      pretty-format "^29.2.1"
  
  jest-get-type@^29.2.0:
    version "29.2.0"
    resolved "https://verdaccio.hooshine.com/jest-get-type/-/jest-get-type-29.2.0.tgz#726646f927ef61d583a3b3adb1ab13f3a5036408"
    integrity sha512-uXNJlg8hKFEnDgFsrCjznB+sTxdkuqiCL6zMgA75qEbAJjJYTs9XPrvDctrEig2GDow22T/LvHgO57iJhXB/UA==
  
  jest-matcher-utils@^29.2.1:
    version "29.2.1"
    resolved "https://verdaccio.hooshine.com/jest-matcher-utils/-/jest-matcher-utils-29.2.1.tgz#2bf876c5f891b33786aadf5d65d5da5970744122"
    integrity sha512-hUTBh7H/Mnb6GTpihbLh8uF5rjAMdekfW/oZNXUMAXi7bbmym2HiRpzgqf/zzkjgejMrVAkPdVSQj+32enlUww==
    dependencies:
      chalk "^4.0.0"
      jest-diff "^29.2.1"
      jest-get-type "^29.2.0"
      pretty-format "^29.2.1"
  
  jest-message-util@^29.2.1:
    version "29.2.1"
    resolved "https://verdaccio.hooshine.com/jest-message-util/-/jest-message-util-29.2.1.tgz#3a51357fbbe0cc34236f17a90d772746cf8d9193"
    integrity sha512-Dx5nEjw9V8C1/Yj10S/8ivA8F439VS8vTq1L7hEgwHFn9ovSKNpYW/kwNh7UglaEgXO42XxzKJB+2x0nSglFVw==
    dependencies:
      "@babel/code-frame" "^7.12.13"
      "@jest/types" "^29.2.1"
      "@types/stack-utils" "^2.0.0"
      chalk "^4.0.0"
      graceful-fs "^4.2.9"
      micromatch "^4.0.4"
      pretty-format "^29.2.1"
      slash "^3.0.0"
      stack-utils "^2.0.3"
  
  jest-util@^29.2.1:
    version "29.2.1"
    resolved "https://verdaccio.hooshine.com/jest-util/-/jest-util-29.2.1.tgz#f26872ba0dc8cbefaba32c34f98935f6cf5fc747"
    integrity sha512-P5VWDj25r7kj7kl4pN2rG/RN2c1TLfYYYZYULnS/35nFDjBai+hBeo3MDrYZS7p6IoY3YHZnt2vq4L6mKnLk0g==
    dependencies:
      "@jest/types" "^29.2.1"
      "@types/node" "*"
      chalk "^4.0.0"
      ci-info "^3.2.0"
      graceful-fs "^4.2.9"
      picomatch "^2.2.3"
  
  "js-tokens@^3.0.0 || ^4.0.0", js-tokens@^4.0.0:
    version "4.0.0"
    resolved "https://verdaccio.hooshine.com/js-tokens/-/js-tokens-4.0.0.tgz#19203fb59991df98e3a287050d4647cdeaf32499"
    integrity sha512-RdJUflcE3cUzKiMqQgsCu06FPu9UdIJO0beYbPhHN4k6apgJtifcoCtT9bcxOpYBtpD2kCM6Sbzg4CausW/PKQ==
  
  lodash@^4.17.15:
    version "4.17.21"
    resolved "https://verdaccio.hooshine.com/lodash/-/lodash-4.17.21.tgz#679591c564c3bffaae8454cf0b3df370c3d6911c"
    integrity sha512-v2kDEe57lecTulaDIuNTPy3Ry4gLGJ6Z1O3vE1krgXZNrsQ+LFTGHVxVjcXPs17LhbZVGedAJv8XZ1tvj5FvSg==
  
  loose-envify@^1.1.0, loose-envify@^1.4.0:
    version "1.4.0"
    resolved "https://verdaccio.hooshine.com/loose-envify/-/loose-envify-1.4.0.tgz#71ee51fa7be4caec1a63839f7e682d8132d30caf"
    integrity sha512-lyuxPGr/Wfhrlem2CL/UcnUc1zcqKAImBDzukY7Y5F/yQiNdko6+fRLevlw1HgMySw7f611UIY408EtxRSoK3Q==
    dependencies:
      js-tokens "^3.0.0 || ^4.0.0"
  
  lz-string@^1.4.4:
    version "1.4.4"
    resolved "https://verdaccio.hooshine.com/lz-string/-/lz-string-1.4.4.tgz#c0d8eaf36059f705796e1e344811cf4c498d3a26"
    integrity sha1-wNjq82BZ9wV5bh40SBHPTEmNOiY=
  
  micromatch@^4.0.4:
    version "4.0.5"
    resolved "https://verdaccio.hooshine.com/micromatch/-/micromatch-4.0.5.tgz#bc8999a7cbbf77cdc89f132f6e467051b49090c6"
    integrity sha512-DMy+ERcEW2q8Z2Po+WNXuw3c5YaUSFjAO5GsJqfEl7UjvtIuFKO6ZrKvcItdy98dwFI2N1tg3zNIdKaQT+aNdA==
    dependencies:
      braces "^3.0.2"
      picomatch "^2.3.1"
  
  min-indent@^1.0.0:
    version "1.0.1"
    resolved "https://verdaccio.hooshine.com/min-indent/-/min-indent-1.0.1.tgz#a63f681673b30571fbe8bc25686ae746eefa9869"
    integrity sha1-pj9oFnOzBXH76LwlaGrnRu76mGk=
  
  object-assign@^4.1.1:
    version "4.1.1"
    resolved "https://verdaccio.hooshine.com/object-assign/-/object-assign-4.1.1.tgz#2109adc7965887cfc05cbbd442cac8bfbb360863"
    integrity sha1-IQmtx5ZYh8/AXLvUQsrIv7s2CGM=
  
  picomatch@^2.2.3, picomatch@^2.3.1:
    version "2.3.1"
    resolved "https://verdaccio.hooshine.com/picomatch/-/picomatch-2.3.1.tgz#3ba3833733646d9d3e4995946c1365a67fb07a42"
    integrity sha512-JU3teHTNjmE2VCGFzuY8EXzCDVwEqB2a8fsIvwaStHhAWJEeVd1o1QD80CU6+ZdEXXSLbSsuLwJjkCBWqRQUVA==
  
  pretty-format@^27.0.2:
    version "27.5.1"
    resolved "https://verdaccio.hooshine.com/pretty-format/-/pretty-format-27.5.1.tgz#2181879fdea51a7a5851fb39d920faa63f01d88e"
    integrity sha512-Qb1gy5OrP5+zDf2Bvnzdl3jsTf1qXVMazbvCoKhtKqVs4/YK4ozX4gKQJJVyNe+cajNPn0KoC0MC3FUmaHWEmQ==
    dependencies:
      ansi-regex "^5.0.1"
      ansi-styles "^5.0.0"
      react-is "^17.0.1"
  
  pretty-format@^29.0.0, pretty-format@^29.2.1:
    version "29.2.1"
    resolved "https://verdaccio.hooshine.com/pretty-format/-/pretty-format-29.2.1.tgz#86e7748fe8bbc96a6a4e04fa99172630907a9611"
    integrity sha512-Y41Sa4aLCtKAXvwuIpTvcFBkyeYp2gdFWzXGA+ZNES3VwURIB165XO/z7CjETwzCCS53MjW/rLMyyqEnTtaOfA==
    dependencies:
      "@jest/schemas" "^29.0.0"
      ansi-styles "^5.0.0"
      react-is "^18.0.0"
  
  prop-types@^15.6.2:
    version "15.8.1"
    resolved "https://verdaccio.hooshine.com/prop-types/-/prop-types-15.8.1.tgz#67d87bf1a694f48435cf332c24af10214a3140b5"
    integrity sha512-oj87CgZICdulUohogVAR7AjlC0327U4el4L6eAvOqCeudMDVU0NThNaV+b9Df4dXgSP1gXMTnPdhfe/2qDH5cg==
    dependencies:
      loose-envify "^1.4.0"
      object-assign "^4.1.1"
      react-is "^16.13.1"
  
  react-is@^16.13.1:
    version "16.13.1"
    resolved "https://verdaccio.hooshine.com/react-is/-/react-is-16.13.1.tgz#789729a4dc36de2999dc156dd6c1d9c18cea56a4"
    integrity sha512-24e6ynE2H+OKt4kqsOvNd8kBpV65zoxbA4BVsEOB3ARVWQki/DHzaUoC5KuON/BiccDaCCTZBuOcfZs70kR8bQ==
  
  react-is@^17.0.1:
    version "17.0.2"
    resolved "https://verdaccio.hooshine.com/react-is/-/react-is-17.0.2.tgz#e691d4a8e9c789365655539ab372762b0efb54f0"
    integrity sha512-w2GsyukL62IJnlaff/nRegPQR94C/XXamvMWmSHRJ4y7Ts/4ocGRmTHvOs8PSE6pB3dWOrD/nueuU5sduBsQ4w==
  
  react-is@^18.0.0:
    version "18.2.0"
    resolved "https://verdaccio.hooshine.com/react-is/-/react-is-18.2.0.tgz#199431eeaaa2e09f86427efbb4f1473edb47609b"
    integrity sha512-xWGDIW6x921xtzPkhiULtthJHoJvBbF3q26fzloPCK0hsvxtPVelvftw3zjbHWSkR2km9Z+4uxbDDK/6Zw9B8w==
  
  react@16.10.2:
    version "16.10.2"
    resolved "https://verdaccio.hooshine.com/react/-/react-16.10.2.tgz#a5ede5cdd5c536f745173c8da47bda64797a4cf0"
    integrity sha512-MFVIq0DpIhrHFyqLU0S3+4dIcBhhOvBE8bJ/5kHPVOVaGdo0KuiQzpcjCPsf585WvhypqtrMILyoE2th6dT+Lw==
    dependencies:
      loose-envify "^1.1.0"
      object-assign "^4.1.1"
      prop-types "^15.6.2"
  
  redent@^3.0.0:
    version "3.0.0"
    resolved "https://verdaccio.hooshine.com/redent/-/redent-3.0.0.tgz#e557b7998316bb53c9f1f56fa626352c6963059f"
    integrity sha1-5Ve3mYMWu1PJ8fVvpiY1LGljBZ8=
    dependencies:
      indent-string "^4.0.0"
      strip-indent "^3.0.0"
  
  regenerator-runtime@^0.13.4:
    version "0.13.10"
    resolved "https://verdaccio.hooshine.com/regenerator-runtime/-/regenerator-runtime-0.13.10.tgz#ed07b19616bcbec5da6274ebc75ae95634bfc2ee"
    integrity sha512-KepLsg4dU12hryUO7bp/axHAKvwGOCV0sGloQtpagJ12ai+ojVDqkeGSiRX1zlq+kjIMZ1t7gpze+26QqtdGqw==
  
  slash@^3.0.0:
    version "3.0.0"
    resolved "https://verdaccio.hooshine.com/slash/-/slash-3.0.0.tgz#6539be870c165adbd5240220dbe361f1bc4d4634"
    integrity sha512-g9Q1haeby36OSStwb4ntCGGGaKsaVSjQ68fBxoQcutl5fS1vuY18H3wSt3jFyFtrkx+Kz0V1G85A4MyAdDMi2Q==
  
  source-map-resolve@^0.6.0:
    version "0.6.0"
    resolved "https://verdaccio.hooshine.com/source-map-resolve/-/source-map-resolve-0.6.0.tgz#3d9df87e236b53f16d01e58150fc7711138e5ed2"
    integrity sha512-KXBr9d/fO/bWo97NXsPIAW1bFSBOuCnjbNTBMO7N59hsv5i9yzRDfcYwwt0l04+VqnKC+EwzvJZIP/qkuMgR/w==
    dependencies:
      atob "^2.1.2"
      decode-uri-component "^0.2.0"
  
  source-map@^0.6.1:
    version "0.6.1"
    resolved "https://verdaccio.hooshine.com/source-map/-/source-map-0.6.1.tgz#74722af32e9614e9c287a8d0bbde48b5e2f1a263"
    integrity sha512-UjgapumWlbMhkBgzT7Ykc5YXUT46F0iKu8SGXq0bcwP5dz/h0Plj6enJqjz1Zbq2l5WaqYnrVbwWOWMyF3F47g==
  
  stack-utils@^2.0.3:
    version "2.0.5"
    resolved "https://verdaccio.hooshine.com/stack-utils/-/stack-utils-2.0.5.tgz#d25265fca995154659dbbfba3b49254778d2fdd5"
    integrity sha1-0lJl/KmVFUZZ27+6O0klR3jS/dU=
    dependencies:
      escape-string-regexp "^2.0.0"
  
  strip-indent@^3.0.0:
    version "3.0.0"
    resolved "https://verdaccio.hooshine.com/strip-indent/-/strip-indent-3.0.0.tgz#c32e1cee940b6b3432c771bc2c54bcce73cd3001"
    integrity sha1-wy4c7pQLazQyx3G8LFS8znPNMAE=
    dependencies:
      min-indent "^1.0.0"
  
  supports-color@^5.3.0:
    version "5.5.0"
    resolved "https://verdaccio.hooshine.com/supports-color/-/supports-color-5.5.0.tgz#e2e69a44ac8772f78a1ec0b35b689df6530efc8f"
    integrity sha512-QjVjwdXIt408MIiAqCX4oUKsgU2EqAGzs2Ppkm4aQYbjm+ZEWEcW4SfFNTr4uMNZma0ey4f5lgLrkB0aX0QMow==
    dependencies:
      has-flag "^3.0.0"
  
  supports-color@^7.1.0:
    version "7.2.0"
    resolved "https://verdaccio.hooshine.com/supports-color/-/supports-color-7.2.0.tgz#1b7dcdcb32b8138801b3e478ba6a51caa89648da"
    integrity sha512-qpCAvRl9stuOHveKsn7HncJRvv501qIacKzQlO/+Lwxc9+0q2wLyv4Dfvt80/DPn2pqOBsJdDiogXGR9+OvwRw==
    dependencies:
      has-flag "^4.0.0"
  
  to-regex-range@^5.0.1:
    version "5.0.1"
    resolved "https://verdaccio.hooshine.com/to-regex-range/-/to-regex-range-5.0.1.tgz#1648c44aae7c8d988a326018ed72f5b4dd0392e4"
    integrity sha512-65P7iz6X5yEr1cwcgvQxbbIw7Uk3gOy5dIdtZ4rDveLqhrdJP+Li/Hx6tyK0NEb+2GCyneCMJiGqrADCSNk8sQ==
    dependencies:
      is-number "^7.0.0"
